<?xml version="1.0" encoding="UTF-8"?>
<!-- Generated by org.testng.reporters.JUnitReportReporter -->
<testsuite hostname="houss-Lenovo" failures="0" tests="1" name="UrlTest" time="8.261" errors="0" timestamp="2020-04-11T20:12:37 CEST" skipped="0">
  <testcase classname="UrlTest" name="openUrl" time="8.261"/>
  <system-out/>
</testsuite> <!-- UrlTest -->
